<?xml version="1.0" encoding="UTF-8"?>
<!-- Generated by org.testng.reporters.JUnitReportReporter -->
<testsuite hostname="Yammys-MacBook-Pro.local" name="TestClassTwo" tests="2" failures="0" timestamp="24 Mar 2020 06:38:19 GMT" time="0.001" errors="0">
  <testcase name="secondTestMethod" time="0.001" classname="TestClassTwo"/>
  <testcase name="firstTestMethod" time="0.000" classname="TestClassTwo"/>
</testsuite> <!-- TestClassTwo -->
