<?xml version="1.0" encoding="UTF-8"?>
<!-- Generated by org.testng.reporters.JUnitReportReporter -->
<testsuite hostname="Yammys-MacBook-Pro.local" name="TestClassOne" tests="2" failures="0" timestamp="24 Mar 2020 06:38:19 GMT" time="0.002" errors="0">
  <testcase name="secondTestMethod" time="0.000" classname="TestClassOne"/>
  <testcase name="firstTestMethod" time="0.002" classname="TestClassOne"/>
</testsuite> <!-- TestClassOne -->
